# JRE version: Java(TM) SE Runtime Environment (8.0_111-b14) (build 1.8.0_111-b14)
# Java VM: Java HotSpot(TM) 64-Bit Server VM (25.111-b14 mixed mode windows-amd64 compressed oops)
Heap:
 PSYoungGen      total 106496K, used 8189K [0x00000000e0000000, 0x00000000ed000000, 0x0000000100000000)
  eden space 98304K, 0% used [0x00000000e0000000,0x00000000e0000000,0x00000000e6000000)
  from space 8192K, 99% used [0x00000000e6000000,0x00000000e67ff490,0x00000000e6800000)
  to   space 8192K, 0% used [0x00000000ec800000,0x00000000ec800000,0x00000000ed000000)
 ParOldGen       total 131072K, used 1807K [0x00000000a0000000, 0x00000000a8000000, 0x00000000e0000000)
  object space 131072K, 1% used [0x00000000a0000000,0x00000000a01c3f18,0x00000000a8000000)
 Metaspace       used 20758K, capacity 21068K, committed 21248K, reserved 1067008K
  class space    used 2846K, capacity 2961K, committed 3072K, reserved 1048576K
GC Heap History (7 events):
Event: 1.665 GC heap before
{Heap before GC invocations=1 (full 0):
 PSYoungGen      total 57344K, used 49152K [0x00000000e0000000, 0x00000000e4000000, 0x0000000100000000)
  eden space 49152K, 100% used [0x00000000e0000000,0x00000000e3000000,0x00000000e3000000)
  from space 8192K, 0% used [0x00000000e3800000,0x00000000e3800000,0x00000000e4000000)
  to   space 8192K, 0% used [0x00000000e3000000,0x00000000e3000000,0x00000000e3800000)
 ParOldGen       total 131072K, used 0K [0x00000000a0000000, 0x00000000a8000000, 0x00000000e0000000)
  object space 131072K, 0% used [0x00000000a0000000,0x00000000a0000000,0x00000000a8000000)
 Metaspace       used 8816K, capacity 8998K, committed 9216K, reserved 1056768K
  class space    used 1160K, capacity 1249K, committed 1280K, reserved 1048576K
Event: 1.732 GC heap after
Heap after GC invocations=1 (full 0):
 PSYoungGen      total 57344K, used 6022K [0x00000000e0000000, 0x00000000e7000000, 0x0000000100000000)
  eden space 49152K, 0% used [0x00000000e0000000,0x00000000e0000000,0x00000000e3000000)
  from space 8192K, 73% used [0x00000000e3000000,0x00000000e35e18b0,0x00000000e3800000)
  to   space 8192K, 0% used [0x00000000e6800000,0x00000000e6800000,0x00000000e7000000)
 ParOldGen       total 131072K, used 8K [0x00000000a0000000, 0x00000000a8000000, 0x00000000e0000000)
  object space 131072K, 0% used [0x00000000a0000000,0x00000000a0002000,0x00000000a8000000)
 Metaspace       used 8816K, capacity 8998K, committed 9216K, reserved 1056768K
  class space    used 1160K, capacity 1249K, committed 1280K, reserved 1048576K
}
Event: 3.502 GC heap before
{Heap before GC invocations=2 (full 0):
 PSYoungGen      total 57344K, used 55174K [0x00000000e0000000, 0x00000000e7000000, 0x0000000100000000)
  eden space 49152K, 100% used [0x00000000e0000000,0x00000000e3000000,0x00000000e3000000)
  from space 8192K, 73% used [0x00000000e3000000,0x00000000e35e18b0,0x00000000e3800000)
  to   space 8192K, 0% used [0x00000000e6800000,0x00000000e6800000,0x00000000e7000000)
 ParOldGen       total 131072K, used 8K [0x00000000a0000000, 0x00000000a8000000, 0x00000000e0000000)
  object space 131072K, 0% used [0x00000000a0000000,0x00000000a0002000,0x00000000a8000000)
 Metaspace       used 16121K, capacity 16448K, committed 16640K, reserved 1062912K
  class space    used 2319K, capacity 2445K, committed 2560K, reserved 1048576K
Event: 3.622 GC heap after
Heap after GC invocations=2 (full 0):
 PSYoungGen      total 106496K, used 8174K [0x00000000e0000000, 0x00000000e7000000, 0x0000000100000000)
  eden space 98304K, 0% used [0x00000000e0000000,0x00000000e0000000,0x00000000e6000000)
  from space 8192K, 99% used [0x00000000e6800000,0x00000000e6ffba70,0x00000000e7000000)
  to   space 8192K, 0% used [0x00000000e6000000,0x00000000e6000000,0x00000000e6800000)
 ParOldGen       total 131072K, used 543K [0x00000000a0000000, 0x00000000a8000000, 0x00000000e0000000)
  object space 131072K, 0% used [0x00000000a0000000,0x00000000a0087cd8,0x00000000a8000000)
 Metaspace       used 16121K, capacity 16448K, committed 16640K, reserved 1062912K
  class space    used 2319K, capacity 2445K, committed 2560K, reserved 1048576K
}
Event: 4.399 GC heap before
{Heap before GC invocations=3 (full 0):
 PSYoungGen      total 106496K, used 34470K [0x00000000e0000000, 0x00000000e7000000, 0x0000000100000000)
  eden space 98304K, 26% used [0x00000000e0000000,0x00000000e19ae180,0x00000000e6000000)
  from space 8192K, 99% used [0x00000000e6800000,0x00000000e6ffba70,0x00000000e7000000)
  to   space 8192K, 0% used [0x00000000e6000000,0x00000000e6000000,0x00000000e6800000)
 ParOldGen       total 131072K, used 543K [0x00000000a0000000, 0x00000000a8000000, 0x00000000e0000000)
  object space 131072K, 0% used [0x00000000a0000000,0x00000000a0087cd8,0x00000000a8000000)
 Metaspace       used 20758K, capacity 21068K, committed 21248K, reserved 1067008K
  class space    used 2846K, capacity 2961K, committed 3072K, reserved 1048576K
Event: 4.513 GC heap after
Heap after GC invocations=3 (full 0):
 PSYoungGen      total 106496K, used 8189K [0x00000000e0000000, 0x00000000ed000000, 0x0000000100000000)
  eden space 98304K, 0% used [0x00000000e0000000,0x00000000e0000000,0x00000000e6000000)
  from space 8192K, 99% used [0x00000000e6000000,0x00000000e67ff490,0x00000000e6800000)
  to   space 8192K, 0% used [0x00000000ec800000,0x00000000ec800000,0x00000000ed000000)
 ParOldGen       total 131072K, used 1807K [0x00000000a0000000, 0x00000000a8000000, 0x00000000e0000000)
  object space 131072K, 1% used [0x00000000a0000000,0x00000000a01c3f18,0x00000000a8000000)
 Metaspace       used 20758K, capacity 21068K, committed 21248K, reserved 1067008K
  class space    used 2846K, capacity 2961K, committed 3072K, reserved 1048576K
}
Event: 4.513 GC heap before
{Heap before GC invocations=4 (full 1):
 PSYoungGen      total 106496K, used 8189K [0x00000000e0000000, 0x00000000ed000000, 0x0000000100000000)
  eden space 98304K, 0% used [0x00000000e0000000,0x00000000e0000000,0x00000000e6000000)
  from space 8192K, 99% used [0x00000000e6000000,0x00000000e67ff490,0x00000000e6800000)
  to   space 8192K, 0% used [0x00000000ec800000,0x00000000ec800000,0x00000000ed000000)
 ParOldGen       total 131072K, used 1807K [0x00000000a0000000, 0x00000000a8000000, 0x00000000e0000000)
  object space 131072K, 1% used [0x00000000a0000000,0x00000000a01c3f18,0x00000000a8000000)
 Metaspace       used 20758K, capacity 21068K, committed 21248K, reserved 1067008K
  class space    used 2846K, capacity 2961K, committed 3072K, reserved 1048576K

