# JRE version: Java(TM) SE Runtime Environment (8.0_111-b14) (build 1.8.0_111-b14)
# Java VM: Java HotSpot(TM) 64-Bit Server VM (25.111-b14 mixed mode windows-amd64 compressed oops)
Heap:
 PSYoungGen      total 132608K, used 28814K [0x00000000e0000000, 0x00000000e9900000, 0x0000000100000000)
  eden space 119808K, 13% used [0x00000000e0000000,0x00000000e0fa9ff8,0x00000000e7500000)
  from space 12800K, 99% used [0x00000000e8300000,0x00000000e8f79b88,0x00000000e8f80000)
  to   space 14336K, 0% used [0x00000000e7500000,0x00000000e7500000,0x00000000e8300000)
 ParOldGen       total 166400K, used 17543K [0x00000000a0000000, 0x00000000aa280000, 0x00000000e0000000)
  object space 166400K, 10% used [0x00000000a0000000,0x00000000a1121df0,0x00000000aa280000)
 Metaspace       used 44260K, capacity 45426K, committed 45528K, reserved 1089536K
  class space    used 6063K, capacity 6352K, committed 6400K, reserved 1048576K
GC Heap History (10 events):
Event: 6.509 GC heap before
{Heap before GC invocations=6 (full 1):
 PSYoungGen      total 68608K, used 68135K [0x00000000e0000000, 0x00000000e6e00000, 0x0000000100000000)
  eden space 62464K, 100% used [0x00000000e0000000,0x00000000e3d00000,0x00000000e3d00000)
  from space 6144K, 92% used [0x00000000e6800000,0x00000000e6d89eb8,0x00000000e6e00000)
  to   space 8192K, 0% used [0x00000000e5e00000,0x00000000e5e00000,0x00000000e6600000)
 ParOldGen       total 95744K, used 9609K [0x00000000a0000000, 0x00000000a5d80000, 0x00000000e0000000)
  object space 95744K, 10% used [0x00000000a0000000,0x00000000a0962790,0x00000000a5d80000)
 Metaspace       used 30007K, capacity 30660K, committed 30848K, reserved 1075200K
  class space    used 4207K, capacity 4374K, committed 4480K, reserved 1048576K
Event: 6.519 GC heap after
Heap after GC invocations=6 (full 1):
 PSYoungGen      total 86528K, used 8183K [0x00000000e0000000, 0x00000000e6880000, 0x0000000100000000)
  eden space 78336K, 0% used [0x00000000e0000000,0x00000000e0000000,0x00000000e4c80000)
  from space 8192K, 99% used [0x00000000e5e00000,0x00000000e65fdf48,0x00000000e6600000)
  to   space 2560K, 0% used [0x00000000e6600000,0x00000000e6600000,0x00000000e6880000)
 ParOldGen       total 95744K, used 10108K [0x00000000a0000000, 0x00000000a5d80000, 0x00000000e0000000)
  object space 95744K, 10% used [0x00000000a0000000,0x00000000a09df1e0,0x00000000a5d80000)
 Metaspace       used 30007K, capacity 30660K, committed 30848K, reserved 1075200K
  class space    used 4207K, capacity 4374K, committed 4480K, reserved 1048576K
}
Event: 12.397 GC heap before
{Heap before GC invocations=7 (full 1):
 PSYoungGen      total 86528K, used 66272K [0x00000000e0000000, 0x00000000e6880000, 0x0000000100000000)
  eden space 78336K, 74% used [0x00000000e0000000,0x00000000e38ba338,0x00000000e4c80000)
  from space 8192K, 99% used [0x00000000e5e00000,0x00000000e65fdf48,0x00000000e6600000)
  to   space 2560K, 0% used [0x00000000e6600000,0x00000000e6600000,0x00000000e6880000)
 ParOldGen       total 95744K, used 10108K [0x00000000a0000000, 0x00000000a5d80000, 0x00000000e0000000)
  object space 95744K, 10% used [0x00000000a0000000,0x00000000a09df1e0,0x00000000a5d80000)
 Metaspace       used 34446K, capacity 35322K, committed 35416K, reserved 1079296K
  class space    used 4754K, capacity 4953K, committed 4992K, reserved 1048576K
Event: 12.408 GC heap after
Heap after GC invocations=7 (full 1):
 PSYoungGen      total 94720K, used 2548K [0x00000000e0000000, 0x00000000e7500000, 0x0000000100000000)
  eden space 92160K, 0% used [0x00000000e0000000,0x00000000e0000000,0x00000000e5a00000)
  from space 2560K, 99% used [0x00000000e6600000,0x00000000e687d020,0x00000000e6880000)
  to   space 12288K, 0% used [0x00000000e5a00000,0x00000000e5a00000,0x00000000e6600000)
 ParOldGen       total 95744K, used 18062K [0x00000000a0000000, 0x00000000a5d80000, 0x00000000e0000000)
  object space 95744K, 18% used [0x00000000a0000000,0x00000000a11a3b80,0x00000000a5d80000)
 Metaspace       used 34446K, capacity 35322K, committed 35416K, reserved 1079296K
  class space    used 4754K, capacity 4953K, committed 4992K, reserved 1048576K
}
Event: 12.408 GC heap before
{Heap before GC invocations=8 (full 2):
 PSYoungGen      total 94720K, used 2548K [0x00000000e0000000, 0x00000000e7500000, 0x0000000100000000)
  eden space 92160K, 0% used [0x00000000e0000000,0x00000000e0000000,0x00000000e5a00000)
  from space 2560K, 99% used [0x00000000e6600000,0x00000000e687d020,0x00000000e6880000)
  to   space 12288K, 0% used [0x00000000e5a00000,0x00000000e5a00000,0x00000000e6600000)
 ParOldGen       total 95744K, used 18062K [0x00000000a0000000, 0x00000000a5d80000, 0x00000000e0000000)
  object space 95744K, 18% used [0x00000000a0000000,0x00000000a11a3b80,0x00000000a5d80000)
 Metaspace       used 34446K, capacity 35322K, committed 35416K, reserved 1079296K
  class space    used 4754K, capacity 4953K, committed 4992K, reserved 1048576K
Event: 12.490 GC heap after
Heap after GC invocations=8 (full 2):
 PSYoungGen      total 94720K, used 0K [0x00000000e0000000, 0x00000000e7500000, 0x0000000100000000)
  eden space 92160K, 0% used [0x00000000e0000000,0x00000000e0000000,0x00000000e5a00000)
  from space 2560K, 0% used [0x00000000e6600000,0x00000000e6600000,0x00000000e6880000)
  to   space 12288K, 0% used [0x00000000e5a00000,0x00000000e5a00000,0x00000000e6600000)
 ParOldGen       total 166400K, used 16760K [0x00000000a0000000, 0x00000000aa280000, 0x00000000e0000000)
  object space 166400K, 10% used [0x00000000a0000000,0x00000000a105e0c8,0x00000000aa280000)
 Metaspace       used 34446K, capacity 35322K, committed 35416K, reserved 1079296K
  class space    used 4754K, capacity 4953K, committed 4992K, reserved 1048576K
}
Event: 13.247 GC heap before
{Heap before GC invocations=9 (full 2):
 PSYoungGen      total 94720K, used 92160K [0x00000000e0000000, 0x00000000e7500000, 0x0000000100000000)
  eden space 92160K, 100% used [0x00000000e0000000,0x00000000e5a00000,0x00000000e5a00000)
  from space 2560K, 0% used [0x00000000e6600000,0x00000000e6600000,0x00000000e6880000)
  to   space 12288K, 0% used [0x00000000e5a00000,0x00000000e5a00000,0x00000000e6600000)
 ParOldGen       total 166400K, used 16760K [0x00000000a0000000, 0x00000000aa280000, 0x00000000e0000000)
  object space 166400K, 10% used [0x00000000a0000000,0x00000000a105e0c8,0x00000000aa280000)
 Metaspace       used 38414K, capacity 39338K, committed 39640K, reserved 1083392K
  class space    used 5281K, capacity 5505K, committed 5632K, reserved 1048576K
Event: 13.258 GC heap after
Heap after GC invocations=9 (full 2):
 PSYoungGen      total 104448K, used 9605K [0x00000000e0000000, 0x00000000e8f80000, 0x0000000100000000)
  eden space 92160K, 0% used [0x00000000e0000000,0x00000000e0000000,0x00000000e5a00000)
  from space 12288K, 78% used [0x00000000e5a00000,0x00000000e6361400,0x00000000e6600000)
  to   space 12800K, 0% used [0x00000000e8300000,0x00000000e8300000,0x00000000e8f80000)
 ParOldGen       total 166400K, used 16768K [0x00000000a0000000, 0x00000000aa280000, 0x00000000e0000000)
  object space 166400K, 10% used [0x00000000a0000000,0x00000000a10600c8,0x00000000aa280000)
 Metaspace       used 38414K, capacity 39338K, committed 39640K, reserved 1083392K
  class space    used 5281K, capacity 5505K, committed 5632K, reserved 1048576K
}
Event: 14.261 GC heap before
{Heap before GC invocations=10 (full 2):
 PSYoungGen      total 104448K, used 101765K [0x00000000e0000000, 0x00000000e8f80000, 0x0000000100000000)
  eden space 92160K, 100% used [0x00000000e0000000,0x00000000e5a00000,0x00000000e5a00000)
  from space 12288K, 78% used [0x00000000e5a00000,0x00000000e6361400,0x00000000e6600000)
  to   space 12800K, 0% used [0x00000000e8300000,0x00000000e8300000,0x00000000e8f80000)
 ParOldGen       total 166400K, used 16768K [0x00000000a0000000, 0x00000000aa280000, 0x00000000e0000000)
  object space 166400K, 10% used [0x00000000a0000000,0x00000000a10600c8,0x00000000aa280000)
 Metaspace       used 44169K, capacity 45362K, committed 45528K, reserved 1089536K
  class space    used 6062K, capacity 6352K, committed 6400K, reserved 1048576K
Event: 14.285 GC heap after
Heap after GC invocations=10 (full 2):
 PSYoungGen      total 132608K, used 12774K [0x00000000e0000000, 0x00000000e9900000, 0x0000000100000000)
  eden space 119808K, 0% used [0x00000000e0000000,0x00000000e0000000,0x00000000e7500000)
  from space 12800K, 99% used [0x00000000e8300000,0x00000000e8f79b88,0x00000000e8f80000)
  to   space 14336K, 0% used [0x00000000e7500000,0x00000000e7500000,0x00000000e8300000)
 ParOldGen       total 166400K, used 17543K [0x00000000a0000000, 0x00000000aa280000, 0x00000000e0000000)
  object space 166400K, 10% used [0x00000000a0000000,0x00000000a1121df0,0x00000000aa280000)
 Metaspace       used 44169K, capacity 45362K, committed 45528K, reserved 1089536K
  class space    used 6062K, capacity 6352K, committed 6400K, reserved 1048576K
}

