# JRE version: OpenJDK Runtime Environment (8.0_112-b06) (build 1.8.0_112-release-b06)
# Java VM: OpenJDK 64-Bit Server VM (25.112-b06 mixed mode windows-amd64 compressed oops)
Heap:
 PSYoungGen      total 178688K, used 178688K [0x00000000e0000000, 0x00000000eca00000, 0x0000000100000000)
  eden space 178176K, 100% used [0x00000000e0000000,0x00000000eae00000,0x00000000eae00000)
  from space 512K, 100% used [0x00000000ec800000,0x00000000ec880000,0x00000000ec880000)
  to   space 14336K, 100% used [0x00000000eae00000,0x00000000ebc00000,0x00000000ebc00000)
 ParOldGen       total 176128K, used 30457K [0x00000000a0000000, 0x00000000aac00000, 0x00000000e0000000)
  object space 176128K, 17% used [0x00000000a0000000,0x00000000a1dbe6c0,0x00000000aac00000)
 Metaspace       used 49541K, capacity 51194K, committed 51328K, reserved 1093632K
  class space    used 6787K, capacity 7183K, committed 7296K, reserved 1048576K
GC Heap History (10 events):
Event: 6.597 GC heap after
Heap after GC invocations=4 (full 1):
 PSYoungGen      total 106496K, used 0K [0x00000000e0000000, 0x00000000ed000000, 0x0000000100000000)
  eden space 98304K, 0% used [0x00000000e0000000,0x00000000e0000000,0x00000000e6000000)
  from space 8192K, 0% used [0x00000000e6000000,0x00000000e6000000,0x00000000e6800000)
  to   space 8192K, 0% used [0x00000000ec800000,0x00000000ec800000,0x00000000ed000000)
 ParOldGen       total 100352K, used 9501K [0x00000000a0000000, 0x00000000a6200000, 0x00000000e0000000)
  object space 100352K, 9% used [0x00000000a0000000,0x00000000a0947738,0x00000000a6200000)
 Metaspace       used 20832K, capacity 21230K, committed 21296K, reserved 1067008K
  class space    used 2789K, capacity 2944K, committed 2944K, reserved 1048576K
}
Event: 9.251 GC heap before
{Heap before GC invocations=5 (full 1):
 PSYoungGen      total 106496K, used 98304K [0x00000000e0000000, 0x00000000ed000000, 0x0000000100000000)
  eden space 98304K, 100% used [0x00000000e0000000,0x00000000e6000000,0x00000000e6000000)
  from space 8192K, 0% used [0x00000000e6000000,0x00000000e6000000,0x00000000e6800000)
  to   space 8192K, 0% used [0x00000000ec800000,0x00000000ec800000,0x00000000ed000000)
 ParOldGen       total 100352K, used 9501K [0x00000000a0000000, 0x00000000a6200000, 0x00000000e0000000)
  object space 100352K, 9% used [0x00000000a0000000,0x00000000a0947738,0x00000000a6200000)
 Metaspace       used 29423K, capacity 30000K, committed 30080K, reserved 1075200K
  class space    used 4050K, capacity 4210K, committed 4224K, reserved 1048576K
Event: 9.273 GC heap after
Heap after GC invocations=5 (full 1):
 PSYoungGen      total 122368K, used 8179K [0x00000000e0000000, 0x00000000ed000000, 0x0000000100000000)
  eden space 114176K, 0% used [0x00000000e0000000,0x00000000e0000000,0x00000000e6f80000)
  from space 8192K, 99% used [0x00000000ec800000,0x00000000ecffcd70,0x00000000ed000000)
  to   space 8192K, 0% used [0x00000000ec000000,0x00000000ec000000,0x00000000ec800000)
 ParOldGen       total 100352K, used 12406K [0x00000000a0000000, 0x00000000a6200000, 0x00000000e0000000)
  object space 100352K, 12% used [0x00000000a0000000,0x00000000a0c1d8c0,0x00000000a6200000)
 Metaspace       used 29423K, capacity 30000K, committed 30080K, reserved 1075200K
  class space    used 4050K, capacity 4210K, committed 4224K, reserved 1048576K
}
Event: 13.489 GC heap before
{Heap before GC invocations=6 (full 1):
 PSYoungGen      total 122368K, used 91541K [0x00000000e0000000, 0x00000000ed000000, 0x0000000100000000)
  eden space 114176K, 73% used [0x00000000e0000000,0x00000000e51689a0,0x00000000e6f80000)
  from space 8192K, 99% used [0x00000000ec800000,0x00000000ecffcd70,0x00000000ed000000)
  to   space 8192K, 0% used [0x00000000ec000000,0x00000000ec000000,0x00000000ec800000)
 ParOldGen       total 100352K, used 12406K [0x00000000a0000000, 0x00000000a6200000, 0x00000000e0000000)
  object space 100352K, 12% used [0x00000000a0000000,0x00000000a0c1d8c0,0x00000000a6200000)
 Metaspace       used 34619K, capacity 35278K, committed 35456K, reserved 1079296K
  class space    used 4673K, capacity 4888K, committed 4992K, reserved 1048576K
Event: 13.912 GC heap after
Heap after GC invocations=6 (full 1):
 PSYoungGen      total 147968K, used 8163K [0x00000000e0000000, 0x00000000ec880000, 0x0000000100000000)
  eden space 139776K, 0% used [0x00000000e0000000,0x00000000e0000000,0x00000000e8880000)
  from space 8192K, 99% used [0x00000000ec000000,0x00000000ec7f8c08,0x00000000ec800000)
  to   space 512K, 0% used [0x00000000ec800000,0x00000000ec800000,0x00000000ec880000)
 ParOldGen       total 100352K, used 15438K [0x00000000a0000000, 0x00000000a6200000, 0x00000000e0000000)
  object space 100352K, 15% used [0x00000000a0000000,0x00000000a0f13a60,0x00000000a6200000)
 Metaspace       used 34619K, capacity 35278K, committed 35456K, reserved 1079296K
  class space    used 4673K, capacity 4888K, committed 4992K, reserved 1048576K
}
Event: 13.912 GC heap before
{Heap before GC invocations=7 (full 2):
 PSYoungGen      total 147968K, used 8163K [0x00000000e0000000, 0x00000000ec880000, 0x0000000100000000)
  eden space 139776K, 0% used [0x00000000e0000000,0x00000000e0000000,0x00000000e8880000)
  from space 8192K, 99% used [0x00000000ec000000,0x00000000ec7f8c08,0x00000000ec800000)
  to   space 512K, 0% used [0x00000000ec800000,0x00000000ec800000,0x00000000ec880000)
 ParOldGen       total 100352K, used 15438K [0x00000000a0000000, 0x00000000a6200000, 0x00000000e0000000)
  object space 100352K, 15% used [0x00000000a0000000,0x00000000a0f13a60,0x00000000a6200000)
 Metaspace       used 34619K, capacity 35278K, committed 35456K, reserved 1079296K
  class space    used 4673K, capacity 4888K, committed 4992K, reserved 1048576K
Event: 14.574 GC heap after
Heap after GC invocations=7 (full 2):
 PSYoungGen      total 147968K, used 0K [0x00000000e0000000, 0x00000000ec880000, 0x0000000100000000)
  eden space 139776K, 0% used [0x00000000e0000000,0x00000000e0000000,0x00000000e8880000)
  from space 8192K, 0% used [0x00000000ec000000,0x00000000ec000000,0x00000000ec800000)
  to   space 512K, 0% used [0x00000000ec800000,0x00000000ec800000,0x00000000ec880000)
 ParOldGen       total 176128K, used 17423K [0x00000000a0000000, 0x00000000aac00000, 0x00000000e0000000)
  object space 176128K, 9% used [0x00000000a0000000,0x00000000a1103e98,0x00000000aac00000)
 Metaspace       used 34619K, capacity 35278K, committed 35456K, reserved 1079296K
  class space    used 4673K, capacity 4888K, committed 4992K, reserved 1048576K
}
Event: 17.110 GC heap before
{Heap before GC invocations=8 (full 2):
 PSYoungGen      total 147968K, used 139776K [0x00000000e0000000, 0x00000000ec880000, 0x0000000100000000)
  eden space 139776K, 100% used [0x00000000e0000000,0x00000000e8880000,0x00000000e8880000)
  from space 8192K, 0% used [0x00000000ec000000,0x00000000ec000000,0x00000000ec800000)
  to   space 512K, 0% used [0x00000000ec800000,0x00000000ec800000,0x00000000ec880000)
 ParOldGen       total 176128K, used 17423K [0x00000000a0000000, 0x00000000aac00000, 0x00000000e0000000)
  object space 176128K, 9% used [0x00000000a0000000,0x00000000a1103e98,0x00000000aac00000)
 Metaspace       used 42867K, capacity 43828K, committed 44032K, reserved 1087488K
  class space    used 5789K, capacity 6028K, committed 6144K, reserved 1048576K
Event: 17.262 GC heap after
Heap after GC invocations=8 (full 2):
 PSYoungGen      total 178688K, used 512K [0x00000000e0000000, 0x00000000eca00000, 0x0000000100000000)
  eden space 178176K, 0% used [0x00000000e0000000,0x00000000e0000000,0x00000000eae00000)
  from space 512K, 100% used [0x00000000ec800000,0x00000000ec880000,0x00000000ec880000)
  to   space 14336K, 0% used [0x00000000eae00000,0x00000000eae00000,0x00000000ebc00000)
 ParOldGen       total 176128K, used 28587K [0x00000000a0000000, 0x00000000aac00000, 0x00000000e0000000)
  object space 176128K, 16% used [0x00000000a0000000,0x00000000a1beaca0,0x00000000aac00000)
 Metaspace       used 42867K, capacity 43828K, committed 44032K, reserved 1087488K
  class space    used 5789K, capacity 6028K, committed 6144K, reserved 1048576K
}
Event: 22.692 GC heap before
{Heap before GC invocations=9 (full 2):
 PSYoungGen      total 178688K, used 178688K [0x00000000e0000000, 0x00000000eca00000, 0x0000000100000000)
  eden space 178176K, 100% used [0x00000000e0000000,0x00000000eae00000,0x00000000eae00000)
  from space 512K, 100% used [0x00000000ec800000,0x00000000ec880000,0x00000000ec880000)
  to   space 14336K, 0% used [0x00000000eae00000,0x00000000eae00000,0x00000000ebc00000)
 ParOldGen       total 176128K, used 28587K [0x00000000a0000000, 0x00000000aac00000, 0x00000000e0000000)
  object space 176128K, 16% used [0x00000000a0000000,0x00000000a1beaca0,0x00000000aac00000)
 Metaspace       used 49541K, capacity 51194K, committed 51328K, reserved 1093632K
  class space    used 6787K, capacity 7183K, committed 7296K, reserved 1048576K

